<?xml version="1.0" encoding="UTF-8"?>
<!DOCTYPE plist PUBLIC "-//Apple Computer//DTD PLIST 1.0//EN" "http://www.apple.com/DTDs/PropertyList-1.0.dtd">
<plist version="1.0">
<dict>
	<key>Major Version</key><integer>1</integer>
	<key>Minor Version</key><integer>1</integer>
	<key>Application Version</key><string>12.7.0.166</string>
	<key>Date</key><date>2017-09-30T18:44:02Z</date>
	<key>Features</key><integer>5</integer>
	<key>Show Content Ratings</key><true/>
	<key>Library Persistent ID</key><string>51871FF977FD292B</string>
	<key>Tracks</key>
	<dict>
		<key>70</key>
		<dict>
			<key>Track ID</key><integer>70</integer>
			<key>Size</key><integer>189169</integer>
			<key>Total Time</key><integer>11180</integer>
			<key>Date Modified</key><date>2017-09-30T18:39:38Z</date>
			<key>Date Added</key><date>2017-02-07T00:49:12Z</date>
			<key>Bit Rate</key><integer>128</integer>
			<key>Sample Rate</key><integer>44100</integer>
			<key>Play Count</key><integer>1</integer>
			<key>Play Date</key><integer>3569244563</integer>
			<key>Play Date UTC</key><date>2017-02-07T00:49:23Z</date>
			<key>Persistent ID</key><string>1FE4D2DC790B457F</string>
			<key>Track Type</key><string>File</string>
			<key>File Folder Count</key><integer>5</integer>
			<key>Library Folder Count</key><integer>1</integer>
			<key>Name</key><string>presentation_tune</string>
			<key>Artist</key><string>n-generator</string>
			<key>Album</key><string>testing</string>
			<key>Kind</key><string>MPEG audio file</string>
			<key>Location</key><string>file:///Users/zia/Music/iTunes/iTunes%20Media/Music/n-generator/testing/presentation_tune.mp3</string>
		</dict>
		<key>72</key>
		<dict>
			<key>Track ID</key><integer>72</integer>
			<key>Size</key><integer>1203138</integer>
			<key>Total Time</key><integer>74553</integer>
			<key>Date Modified</key><date>2017-09-30T18:39:26Z</date>
			<key>Date Added</key><date>2017-02-07T02:42:29Z</date>
			<key>Bit Rate</key><integer>128</integer>
			<key>Sample Rate</key><integer>44100</integer>
			<key>Persistent ID</key><string>2721C5F0186FB87A</string>
			<key>Track Type</key><string>File</string>
			<key>File Folder Count</key><integer>5</integer>
			<key>Library Folder Count</key><integer>1</integer>
			<key>Name</key><string>full_generated_tune</string>
			<key>Artist</key><string>n-generator</string>
			<key>Album</key><string>testing</string>
			<key>Kind</key><string>MPEG audio file</string>
			<key>Location</key><string>file:///Users/zia/Music/iTunes/iTunes%20Media/Music/n-generator/testing/full_generated_tune.mp3</string>
		</dict>
	</dict>
	<key>Playlists</key>
	<array>
		<dict>
			<key>Master</key><true/>
			<key>Playlist ID</key><integer>74</integer>
			<key>Playlist Persistent ID</key><string>D0175EE81707D940</string>
			<key>All Items</key><true/>
			<key>Visible</key><false/>
			<key>Name</key><string>Library</string>
			<key>Playlist Items</key>
			<array>
				<dict>
					<key>Track ID</key><integer>70</integer>
				</dict>
				<dict>
					<key>Track ID</key><integer>72</integer>
				</dict>
			</array>
		</dict>
		<dict>
			<key>Playlist ID</key><integer>79</integer>
			<key>Playlist Persistent ID</key><string>B960D6B9B44AF3CC</string>
			<key>Distinguished Kind</key><integer>65</integer>
			<key>All Items</key><true/>
			<key>Name</key><string>Downloaded</string>
			<key>Smart Info</key>
			<data>
			AQEAAwAAAAIAAAAZAAAAAAAAAAcAAAAAAAAAAAAAAAAAAAAAAAAAAAAAAAAAAAAAAAAAAAAA
			AAAAAAAAAAAAAAAAAAAAAAAAAAAAAAAAAAAAAAAAAAAAAAAAAAAAAAAAAAAAAAAAAAAAAAAA
			AAAAAA==
			</data>
			<key>Smart Criteria</key>
			<data>
			U0xzdAABAAEAAAADAAAAAAAAAAAAAAAAAAAAAAAAAAAAAAAAAAAAAAAAAAAAAAAAAAAAAAAA
			AAAAAAAAAAAAAAAAAAAAAAAAAAAAAAAAAAAAAAAAAAAAAAAAAAAAAAAAAAAAAAAAAAAAAAAA
			AAAAAAAAAAAAAAAAAAAAAAAAAAAAAAAAAAAAAAAAADwAAAQAAAAAAAAAAAAAAAAAAAAAAAAA
			AAAAAAAAAAAAAAAAAAAAAAAAAAAAAAAAAAAAAABEAAAAAAAQIbEAAAAAAAAAAAAAAAAAAAAB
			AAAAAAAQIbEAAAAAAAAAAAAAAAAAAAABAAAAAAAAAAAAAAAAAAAAAAAAAAAAAAA8AgAEAAAA
			AAAAAAAAAAAAAAAAAAAAAAAAAAAAAAAAAAAAAAAAAAAAAAAAAAAAAAAAAAAARAAAAAAAIIAE
			AAAAAAAAAAAAAAAAAAAAAQAAAAAAIIAEAAAAAAAAAAAAAAAAAAAAAQAAAAAAAAAAAAAAAAAA
			AAAAAAAAAAAAhQAABAAAAAAAAAAAAAAAAAAAAAAAAAAAAAAAAAAAAAAAAAAAAAAAAAAAAAAA
			AAAAAAAAAEQAAAAAAAAAAQAAAAAAAAAAAAAAAAAAAAEAAAAAAAAAAQAAAAAAAAAAAAAAAAAA
			AAEAAAAAAAAAAAAAAAAAAAAAAAAAAA==
			</data>
			<key>Playlist Items</key>
			<array>
				<dict>
					<key>Track ID</key><integer>72</integer>
				</dict>
				<dict>
					<key>Track ID</key><integer>70</integer>
				</dict>
			</array>
		</dict>
		<dict>
			<key>Playlist ID</key><integer>84</integer>
			<key>Playlist Persistent ID</key><string>D0C39A3BA65BBD07</string>
			<key>Distinguished Kind</key><integer>4</integer>
			<key>Music</key><true/>
			<key>All Items</key><true/>
			<key>Name</key><string>Music</string>
			<key>Smart Info</key>
			<data>
			AQEAAwAAAAIAAAAZAAAAAAAAAAcAAAAAAAAAAAAAAAAAAAAAAAAAAAAAAAAAAAAAAAAAAAAA
			AAAAAAAAAAAAAAAAAAAAAAAAAAAAAAAAAAAAAAAAAAAAAAAAAAAAAAAAAAAAAAAAAAAAAAAA
			AAAAAA==
			</data>
			<key>Smart Criteria</key>
			<data>
			U0xzdAABAAEAAAACAAAAAAAAAAAAAAAAAAAAAAAAAAAAAAAAAAAAAAAAAAAAAAAAAAAAAAAA
			AAAAAAAAAAAAAAAAAAAAAAAAAAAAAAAAAAAAAAAAAAAAAAAAAAAAAAAAAAAAAAAAAAAAAAAA
			AAAAAAAAAAAAAAAAAAAAAAAAAAAAAAAAAAAAAAAAADwAAAQAAAAAAAAAAAAAAAAAAAAAAAAA
			AAAAAAAAAAAAAAAAAAAAAAAAAAAAAAAAAAAAAABEAAAAAAAQIbEAAAAAAAAAAAAAAAAAAAAB
			AAAAAAAQIbEAAAAAAAAAAAAAAAAAAAABAAAAAAAAAAAAAAAAAAAAAAAAAAAAAAA8AgAEAAAA
			AAAAAAAAAAAAAAAAAAAAAAAAAAAAAAAAAAAAAAAAAAAAAAAAAAAAAAAAAAAARAAAAAAAIIAE
			AAAAAAAAAAAAAAAAAAAAAQAAAAAAIIAEAAAAAAAAAAAAAAAAAAAAAQAAAAAAAAAAAAAAAAAA
			AAAAAAAA
			</data>
			<key>Playlist Items</key>
			<array>
				<dict>
					<key>Track ID</key><integer>70</integer>
				</dict>
				<dict>
					<key>Track ID</key><integer>72</integer>
				</dict>
			</array>
		</dict>
		<dict>
			<key>Playlist ID</key><integer>98</integer>
			<key>Playlist Persistent ID</key><string>5679082ADC70CC5D</string>
			<key>Distinguished Kind</key><integer>66</integer>
			<key>All Items</key><true/>
			<key>Name</key><string>Downloaded</string>
			<key>Smart Info</key>
			<data>
			AQEAAwAAAAIAAAAZAAAAAAAAAAcAAAAAAAAAAAAAAAAAAAAAAAAAAAAAAAAAAAAAAAAAAAAA
			AAAAAAAAAAAAAAAAAAAAAAAAAAAAAAAAAAAAAAAAAAAAAAAAAAAAAAAAAAAAAAAAAAAAAAAA
			AAAAAA==
			</data>
			<key>Smart Criteria</key>
			<data>
			U0xzdAABAAEAAAADAAAAAAAAAAAAAAAAAAAAAAAAAAAAAAAAAAAAAAAAAAAAAAAAAAAAAAAA
			AAAAAAAAAAAAAAAAAAAAAAAAAAAAAAAAAAAAAAAAAAAAAAAAAAAAAAAAAAAAAAAAAAAAAAAA
			AAAAAAAAAAAAAAAAAAAAAAAAAAAAAAAAAAAAAAAAADwAAAQAAAAAAAAAAAAAAAAAAAAAAAAA
			AAAAAAAAAAAAAAAAAAAAAAAAAAAAAAAAAAAAAABEAAAAAAAAAAIAAAAAAAAAAAAAAAAAAAAB
			AAAAAAAAAAIAAAAAAAAAAAAAAAAAAAABAAAAAAAAAAAAAAAAAAAAAAAAAAAAAAA8AgAEAAAA
			AAAAAAAAAAAAAAAAAAAAAAAAAAAAAAAAAAAAAAAAAAAAAAAAAAAAAAAAAAAARAAAAAAAIKAE
			AAAAAAAAAAAAAAAAAAAAAQAAAAAAIKAEAAAAAAAAAAAAAAAAAAAAAQAAAAAAAAAAAAAAAAAA
			AAAAAAAAAAAAhQAABAAAAAAAAAAAAAAAAAAAAAAAAAAAAAAAAAAAAAAAAAAAAAAAAAAAAAAA
			AAAAAAAAAEQAAAAAAAAAAQAAAAAAAAAAAAAAAAAAAAEAAAAAAAAAAQAAAAAAAAAAAAAAAAAA
			AAEAAAAAAAAAAAAAAAAAAAAAAAAAAA==
			</data>
		</dict>
		<dict>
			<key>Playlist ID</key><integer>101</integer>
			<key>Playlist Persistent ID</key><string>28E6881370C9AA1A</string>
			<key>Distinguished Kind</key><integer>2</integer>
			<key>Movies</key><true/>
			<key>All Items</key><true/>
			<key>Name</key><string>Movies</string>
			<key>Smart Info</key>
			<data>
			AQEAAwAAAAIAAAAZAAAAAAAAAAcAAAAAAAAAAAAAAAAAAAAAAAAAAAAAAAAAAAAAAAAAAAAA
			AAAAAAAAAAAAAAAAAAAAAAAAAAAAAAAAAAAAAAAAAAAAAAAAAAAAAAAAAAAAAAAAAAAAAAAA
			AAAAAA==
			</data>
			<key>Smart Criteria</key>
			<data>
			U0xzdAABAAEAAAACAAAAAAAAAAAAAAAAAAAAAAAAAAAAAAAAAAAAAAAAAAAAAAAAAAAAAAAA
			AAAAAAAAAAAAAAAAAAAAAAAAAAAAAAAAAAAAAAAAAAAAAAAAAAAAAAAAAAAAAAAAAAAAAAAA
			AAAAAAAAAAAAAAAAAAAAAAAAAAAAAAAAAAAAAAAAADwAAAQAAAAAAAAAAAAAAAAAAAAAAAAA
			AAAAAAAAAAAAAAAAAAAAAAAAAAAAAAAAAAAAAABEAAAAAAAAAAIAAAAAAAAAAAAAAAAAAAAB
			AAAAAAAAAAIAAAAAAAAAAAAAAAAAAAABAAAAAAAAAAAAAAAAAAAAAAAAAAAAAAA8AgAEAAAA
			AAAAAAAAAAAAAAAAAAAAAAAAAAAAAAAAAAAAAAAAAAAAAAAAAAAAAAAAAAAARAAAAAAAIKAE
			AAAAAAAAAAAAAAAAAAAAAQAAAAAAIKAEAAAAAAAAAAAAAAAAAAAAAQAAAAAAAAAAAAAAAAAA
			AAAAAAAA
			</data>
		</dict>
		<dict>
			<key>Playlist ID</key><integer>107</integer>
			<key>Playlist Persistent ID</key><string>8E44B3155626C309</string>
			<key>Distinguished Kind</key><integer>67</integer>
			<key>All Items</key><true/>
			<key>Name</key><string>Downloaded</string>
			<key>Smart Info</key>
			<data>
			AQEAAwAAAAIAAAAZAAAAAAAAAAcAAAAAAAAAAAAAAAAAAAAAAAAAAAAAAAAAAAAAAAAAAAAA
			AAAAAAAAAAAAAAAAAAAAAAAAAAAAAAAAAAAAAAAAAAAAAAAAAAAAAAAAAAAAAAAAAAAAAAAA
			AAAAAA==
			</data>
			<key>Smart Criteria</key>
			<data>
			U0xzdAABAAEAAAADAAAAAAAAAAAAAAAAAAAAAAAAAAAAAAAAAAAAAAAAAAAAAAAAAAAAAAAA
			AAAAAAAAAAAAAAAAAAAAAAAAAAAAAAAAAAAAAAAAAAAAAAAAAAAAAAAAAAAAAAAAAAAAAAAA
			AAAAAAAAAAAAAAAAAAAAAAAAAAAAAAAAAAAAAAAAADwAAAQAAAAAAAAAAAAAAAAAAAAAAAAA
			AAAAAAAAAAAAAAAAAAAAAAAAAAAAAAAAAAAAAABEAAAAAAAAAEAAAAAAAAAAAAAAAAAAAAAB
			AAAAAAAAAEAAAAAAAAAAAAAAAAAAAAABAAAAAAAAAAAAAAAAAAAAAAAAAAAAAAA8AgAEAAAA
			AAAAAAAAAAAAAAAAAAAAAAAAAAAAAAAAAAAAAAAAAAAAAAAAAAAAAAAAAAAARAAAAAAAIKAE
			AAAAAAAAAAAAAAAAAAAAAQAAAAAAIKAEAAAAAAAAAAAAAAAAAAAAAQAAAAAAAAAAAAAAAAAA
			AAAAAAAAAAAAhQAABAAAAAAAAAAAAAAAAAAAAAAAAAAAAAAAAAAAAAAAAAAAAAAAAAAAAAAA
			AAAAAAAAAEQAAAAAAAAAAQAAAAAAAAAAAAAAAAAAAAEAAAAAAAAAAQAAAAAAAAAAAAAAAAAA
			AAEAAAAAAAAAAAAAAAAAAAAAAAAAAA==
			</data>
		</dict>
		<dict>
			<key>Playlist ID</key><integer>110</integer>
			<key>Playlist Persistent ID</key><string>99BC4AD0D9121CE1</string>
			<key>Distinguished Kind</key><integer>3</integer>
			<key>TV Shows</key><true/>
			<key>All Items</key><true/>
			<key>Name</key><string>TV Shows</string>
			<key>Smart Info</key>
			<data>
			AQEAAwAAAAIAAAAZAAAAAAAAAAcAAAAAAAAAAAAAAAAAAAAAAAAAAAAAAAAAAAAAAAAAAAAA
			AAAAAAAAAAAAAAAAAAAAAAAAAAAAAAAAAAAAAAAAAAAAAAAAAAAAAAAAAAAAAAAAAAAAAAAA
			AAAAAA==
			</data>
			<key>Smart Criteria</key>
			<data>
			U0xzdAABAAEAAAACAAAAAAAAAAAAAAAAAAAAAAAAAAAAAAAAAAAAAAAAAAAAAAAAAAAAAAAA
			AAAAAAAAAAAAAAAAAAAAAAAAAAAAAAAAAAAAAAAAAAAAAAAAAAAAAAAAAAAAAAAAAAAAAAAA
			AAAAAAAAAAAAAAAAAAAAAAAAAAAAAAAAAAAAAAAAADwAAAQAAAAAAAAAAAAAAAAAAAAAAAAA
			AAAAAAAAAAAAAAAAAAAAAAAAAAAAAAAAAAAAAABEAAAAAAAAAEAAAAAAAAAAAAAAAAAAAAAB
			AAAAAAAAAEAAAAAAAAAAAAAAAAAAAAABAAAAAAAAAAAAAAAAAAAAAAAAAAAAAAA8AgAEAAAA
			AAAAAAAAAAAAAAAAAAAAAAAAAAAAAAAAAAAAAAAAAAAAAAAAAAAAAAAAAAAARAAAAAAAIKAE
			AAAAAAAAAAAAAAAAAAAAAQAAAAAAIKAEAAAAAAAAAAAAAAAAAAAAAQAAAAAAAAAAAAAAAAAA
			AAAAAAAA
			</data>
		</dict>
		<dict>
			<key>Playlist ID</key><integer>113</integer>
			<key>Playlist Persistent ID</key><string>56C63570F6B8E759</string>
			<key>Distinguished Kind</key><integer>10</integer>
			<key>Podcasts</key><true/>
			<key>All Items</key><true/>
			<key>Name</key><string>Podcasts</string>
		</dict>
		<dict>
			<key>Playlist ID</key><integer>120</integer>
			<key>Playlist Persistent ID</key><string>34AB7CF534399078</string>
			<key>Distinguished Kind</key><integer>5</integer>
			<key>Audiobooks</key><true/>
			<key>All Items</key><true/>
			<key>Name</key><string>Audiobooks</string>
			<key>Smart Info</key>
			<data>
			AQEAAwAAAAIAAAAZAAAAAAAAAAcAAAAAAAAAAAAAAAAAAAAAAAAAAAAAAAAAAAAAAAAAAAAA
			AAAAAAAAAAAAAAAAAAAAAAAAAAAAAAAAAAAAAAAAAAAAAAAAAAAAAAAAAAAAAAAAAAAAAAAA
			AAAAAA==
			</data>
			<key>Smart Criteria</key>
			<data>
			U0xzdAABAAEAAAACAAAAAAAAAAAAAAAAAAAAAAAAAAAAAAAAAAAAAAAAAAAAAAAAAAAAAAAA
			AAAAAAAAAAAAAAAAAAAAAAAAAAAAAAAAAAAAAAAAAAAAAAAAAAAAAAAAAAAAAAAAAAAAAAAA
			AAAAAAAAAAAAAAAAAAAAAAAAAAAAAAAAAAAAAAAAADwAAAQAAAAAAAAAAAAAAAAAAAAAAAAA
			AAAAAAAAAAAAAAAAAAAAAAAAAAAAAAAAAAAAAABEAAAAAAAAAAgAAAAAAAAAAAAAAAAAAAAB
			AAAAAAAAAAgAAAAAAAAAAAAAAAAAAAABAAAAAAAAAAAAAAAAAAAAAAAAAAAAAAA8AgAEAAAA
			AAAAAAAAAAAAAAAAAAAAAAAAAAAAAAAAAAAAAAAAAAAAAAAAAAAAAAAAAAAARAAAAAAAIKAE
			AAAAAAAAAAAAAAAAAAAAAQAAAAAAIKAEAAAAAAAAAAAAAAAAAAAAAQAAAAAAAAAAAAAAAAAA
			AAAAAAAA
			</data>
		</dict>
		<dict>
			<key>Playlist ID</key><integer>123</integer>
			<key>Playlist Persistent ID</key><string>775B95887ECB53FC</string>
			<key>Distinguished Kind</key><integer>26</integer>
			<key>All Items</key><true/>
			<key>Name</key><string>Genius</string>
			<key>Smart Info</key>
			<data>
			AAABAwAAAAIAAAAZAAABAAAAAAcAAAAAAAAAAAAAAAAAAAAAAAAAAAAAAAAAAAAAAAAAAAAA
			AAAAAAAAAAAAAAAAAAAAAAAAAAAAAAAAAAAAAAAAAAAAAAAAAAAAAAAAAAAAAAAAAAAAAAAA
			AAAAAA==
			</data>
			<key>Smart Criteria</key>
			<data>
			U0xzdAABAAEAAAAAAAAAAQAAAAAAAAAAAAAAAAAAAAAAAAAAAAAAAAAAAAAAAAAAAAAAAAAA
			AAAAAAAAAAAAAAAAAAAAAAAAAAAAAAAAAAAAAAAAAAAAAAAAAAAAAAAAAAAAAAAAAAAAAAAA
			AAAAAAAAAAAAAAAAAAAAAAAAAAAAAAAAAAAAAA==
			</data>
		</dict>
		<dict>
			<key>Playlist ID</key><integer>126</integer>
			<key>Playlist Persistent ID</key><string>B23BA08A414FF13B</string>
			<key>All Items</key><true/>
			<key>Name</key><string>90’s Music</string>
			<key>Smart Info</key>
			<data>
			AQEAAwAAAAIAAAAZAAAAAAAAAAcAAAAAAAAAAAAAAAAAAAAAAAAAAAAAAAAAAAAAAAAAAAAA
			AAAAAAAAAAAAAAAAAAAAAAAAAAAAAAAAAAAAAAAAAAAAAAAAAAAAAAAAAAAAAAAAAAAAAAAA
			AAAAAA==
			</data>
			<key>Smart Criteria</key>
			<data>
			U0xzdAABAAEAAAACAAAAAAAAAAAAAAAAAAAAAAAAAAAAAAAAAAAAAAAAAAAAAAAAAAAAAAAA
			AAAAAAAAAAAAAAAAAAAAAAAAAAAAAAAAAAAAAAAAAAAAAAAAAAAAAAAAAAAAAAAAAAAAAAAA
			AAAAAAAAAAAAAAAAAAAAAAAAAAAAAAAAAAAAAAAAAAcAAAEAAAAAAAAAAAAAAAAAAAAAAAAA
			AAAAAAAAAAAAAAAAAAAAAAAAAAAAAAAAAAAAAABEAAAAAAAAB8YAAAAAAAAAAAAAAAAAAAAB
			AAAAAAAAB88AAAAAAAAAAAAAAAAAAAABAAAAAAAAAAAAAAAAAAAAAAAAAAAAAAAAAAAAAQEA
			AAAAAAAAAAAAAAAAAAAAAAAAAAAAAAAAAAAAAAAAAAAAAAAAAAAAAAAAAAABgFNMc3QAAQAB
			AAAAAgAAAAEAAAAAAAAAAAAAAAAAAAAAAAAAAAAAAAAAAAAAAAAAAAAAAAAAAAAAAAAAAAAA
			AAAAAAAAAAAAAAAAAAAAAAAAAAAAAAAAAAAAAAAAAAAAAAAAAAAAAAAAAAAAAAAAAAAAAAAA
			AAAAAAAAAAAAAAAAAAAAAAAAAAAAAAA8AAAEAAAAAAAAAAAAAAAAAAAAAAAAAAAAAAAAAAAA
			AAAAAAAAAAAAAAAAAAAAAAAAAAAARAAAAAAAAAABAAAAAAAAAAAAAAAAAAAAAQAAAAAAAAAB
			AAAAAAAAAAAAAAAAAAAAAQAAAAAAAAAAAAAAAAAAAAAAAAAAAAAAPAAABAAAAAAAAAAAAAAA
			AAAAAAAAAAAAAAAAAAAAAAAAAAAAAAAAAAAAAAAAAAAAAAAAAEQAAAAAAAAAIAAAAAAAAAAA
			AAAAAAAAAAEAAAAAAAAAIAAAAAAAAAAAAAAAAAAAAAEAAAAAAAAAAAAAAAAAAAAAAAAAAA==
			</data>
		</dict>
		<dict>
			<key>Playlist ID</key><integer>129</integer>
			<key>Playlist Persistent ID</key><string>9DDA9BE5A60B137C</string>
			<key>All Items</key><true/>
			<key>Name</key><string>Classical Music</string>
			<key>Smart Info</key>
			<data>
			AQEAAwAAAAIAAAAZAAAAAAAAAAcAAAAAAAAAAAAAAAAAAAAAAAAAAAAAAAAAAAAAAAAAAAAA
			AAAAAAAAAAAAAAAAAAAAAAAAAAAAAAAAAAAAAAAAAAAAAAAAAAAAAAAAAAAAAAAAAAAAAAAA
			AAAAAA==
			</data>
			<key>Smart Criteria</key>
			<data>
			U0xzdAABAAEAAAACAAAAAAAAAAAAAAAAAAAAAAAAAAAAAAAAAAAAAAAAAAAAAAAAAAAAAAAA
			AAAAAAAAAAAAAAAAAAAAAAAAAAAAAAAAAAAAAAAAAAAAAAAAAAAAAAAAAAAAAAAAAAAAAAAA
			AAAAAAAAAAAAAAAAAAAAAAAAAAAAAAAAAAAAAAAAAAAAAAABAQAAAAAAAAAAAAAAAAAAAAAA
			AAAAAAAAAAAAAAAAAAAAAAAAAAAAAAAAAAAAAAGAU0xzdAABAAEAAAACAAAAAQAAAAAAAAAA
			AAAAAAAAAAAAAAAAAAAAAAAAAAAAAAAAAAAAAAAAAAAAAAAAAAAAAAAAAAAAAAAAAAAAAAAA
			AAAAAAAAAAAAAAAAAAAAAAAAAAAAAAAAAAAAAAAAAAAAAAAAAAAAAAAAAAAAAAAAAAAAAAAA
			AAAAAAAAADwAAAQAAAAAAAAAAAAAAAAAAAAAAAAAAAAAAAAAAAAAAAAAAAAAAAAAAAAAAAAA
			AAAAAABEAAAAAAAAAAEAAAAAAAAAAAAAAAAAAAABAAAAAAAAAAEAAAAAAAAAAAAAAAAAAAAB
			AAAAAAAAAAAAAAAAAAAAAAAAAAAAAAA8AAAEAAAAAAAAAAAAAAAAAAAAAAAAAAAAAAAAAAAA
			AAAAAAAAAAAAAAAAAAAAAAAAAAAARAAAAAAAAAAgAAAAAAAAAAAAAAAAAAAAAQAAAAAAAAAg
			AAAAAAAAAAAAAAAAAAAAAQAAAAAAAAAAAAAAAAAAAAAAAAAAAAAAAAAAAAEBAAAAAAAAAAAA
			AAAAAAAAAAAAAAAAAAAAAAAAAAAAAAAAAAAAAAAAAAAAAAAABVxTTHN0AAEAAQAAABEAAAAB
			AAAAAAAAAAAAAAAAAAAAAAAAAAAAAAAAAAAAAAAAAAAAAAAAAAAAAAAAAAAAAAAAAAAAAAAA
			AAAAAAAAAAAAAAAAAAAAAAAAAAAAAAAAAAAAAAAAAAAAAAAAAAAAAAAAAAAAAAAAAAAAAAAA
			AAAAAAAAAAAAAAAAAAAACAEAAAEAAAAAAAAAAAAAAAAAAAAAAAAAAAAAAAAAAAAAAAAAAAAA
			AAAAAAAAAAAAAAAAABIAQwBsAGEAcwBzAGkAYwBhAGwAAAAIAQAAAQAAAAAAAAAAAAAAAAAA
			AAAAAAAAAAAAAAAAAAAAAAAAAAAAAAAAAAAAAAAAAAAAEABLAGwAYQBzAHMAaQBlAGsAAAAI
			AQAAAQAAAAAAAAAAAAAAAAAAAAAAAAAAAAAAAAAAAAAAAAAAAAAAAAAAAAAAAAAAAAAAEgBD
			AGwAYQBzAHMAaQBxAHUAZQAAAAgBAAABAAAAAAAAAAAAAAAAAAAAAAAAAAAAAAAAAAAAAAAA
			AAAAAAAAAAAAAAAAAAAAAAAOAEsAbABhAHMAcwBpAGsAAAAIAQAAAQAAAAAAAAAAAAAAAAAA
			AAAAAAAAAAAAAAAAAAAAAAAAAAAAAAAAAAAAAAAAAAAAEABDAGwAYQBzAHMAaQBjAGEAAAAI
			AQAAAQAAAAAAAAAAAAAAAAAAAAAAAAAAAAAAAAAAAAAAAAAAAAAAAAAAAAAAAAAAAAAACjCv
			MOkwtzDDMK8AAAAIAQAAAQAAAAAAAAAAAAAAAAAAAAAAAAAAAAAAAAAAAAAAAAAAAAAAAAAA
			AAAAAAAAAAAADgBDAGwA4QBzAGkAYwBhAAAACAEAAAEAAAAAAAAAAAAAAAAAAAAAAAAAAAAA
			AAAAAAAAAAAAAAAAAAAAAAAAAAAAAAAAABAASwBsAGEAcwBzAGkAcwBrAAAACAEAAAEAAAAA
			AAAAAAAAAAAAAAAAAAAAAAAAAAAAAAAAAAAAAAAAAAAAAAAAAAAAAAAAABAAQwBsAOEAcwBz
			AGkAYwBhAAAACAEAAAEAAAAAAAAAAAAAAAAAAAAAAAAAAAAAAAAAAAAAAAAAAAAAAAAAAAAA
			AAAAAAAAABIASwBsAGEAcwBzAGkAcwBrAHQAAAAIAQAAAQAAAAAAAAAAAAAAAAAAAAAAAAAA
			AAAAAAAAAAAAAAAAAAAAAAAAAAAAAAAAAAAAGAQaBDsEMARBBEEEOARHBDUEQQQ6BDAETwAA
			AAgBAAABAAAAAAAAAAAAAAAAAAAAAAAAAAAAAAAAAAAAAAAAAAAAAAAAAAAAAAAAAAAAAAAS
			AEsAbABhAHMAeQBjAHoAbgBhAAAACAEAAAEAAAAAAAAAAAAAAAAAAAAAAAAAAAAAAAAAAAAA
			AAAAAAAAAAAAAAAAAAAAAAAAABIASwBsAGEAcwBzAGkAbgBlAG4AAAAIAQAAAQAAAAAAAAAA
			AAAAAAAAAAAAAAAAAAAAAAAAAAAAAAAAAAAAAAAAAAAAAAAAAAAADABLAGwAYQBzAGkAawAA
			AAgBAAABAAAAAAAAAAAAAAAAAAAAAAAAAAAAAAAAAAAAAAAAAAAAAAAAAAAAAAAAAAAAAAAU
			AEsAbABhAHMAcwB6AGkAawB1AHMAAAAIAQAAAQAAAAAAAAAAAAAAAAAAAAAAAAAAAAAAAAAA
			AAAAAAAAAAAAAAAAAAAAAAAAAAAAFgBWAOEBfgBuAOEAIABoAHUAZABiAGEAAAAIAQAAAQAA
			AAAAAAAAAAAAAAAAAAAAAAAAAAAAAAAAAAAAAAAAAAAAAAAAAAAAAAAAAAAADgZDBkQGJwYz
			BkoGQwZK
			</data>
		</dict>
		<dict>
			<key>Playlist ID</key><integer>132</integer>
			<key>Playlist Persistent ID</key><string>3FC89BB683F646BD</string>
			<key>All Items</key><true/>
			<key>Name</key><string>My Top Rated</string>
			<key>Smart Info</key>
			<data>
			AQEAAwAAAAIAAAAZAAAAAAAAAAcAAAAAAAAAAAAAAAAAAAAAAAAAAAAAAAAAAAAAAAAAAAAA
			AAAAAAAAAAAAAAAAAAAAAAAAAAAAAAAAAAAAAAAAAAAAAAAAAAAAAAAAAAAAAAAAAAAAAAAA
			AAAAAA==
			</data>
			<key>Smart Criteria</key>
			<data>
			U0xzdAABAAEAAAABAAAAAQAAAAAAAAAAAAAAAAAAAAAAAAAAAAAAAAAAAAAAAAAAAAAAAAAA
			AAAAAAAAAAAAAAAAAAAAAAAAAAAAAAAAAAAAAAAAAAAAAAAAAAAAAAAAAAAAAAAAAAAAAAAA
			AAAAAAAAAAAAAAAAAAAAAAAAAAAAAAAAAAAAAAAAABkAAAAQAAAAAAAAAAAAAAAAAAAAAAAA
			AAAAAAAAAAAAAAAAAAAAAAAAAAAAAAAAAAAAAABEAAAAAAAAADwAAAAAAAAAAAAAAAAAAAAB
			AAAAAAAAADwAAAAAAAAAAAAAAAAAAAABAAAAAAAAAAAAAAAAAAAAAAAAAAA=
			</data>
		</dict>
		<dict>
			<key>Playlist ID</key><integer>135</integer>
			<key>Playlist Persistent ID</key><string>7EAAC5C5BDBED00A</string>
			<key>All Items</key><true/>
			<key>Name</key><string>Recently Played</string>
			<key>Smart Info</key>
			<data>
			AQEAAwAAAAIAAAAZAAAAAAAAAAcAAAAAAAAAAAAAAAAAAAAAAAAAAAAAAAAAAAAAAAAAAAAA
			AAAAAAAAAAAAAAAAAAAAAAAAAAAAAAAAAAAAAAAAAAAAAAAAAAAAAAAAAAAAAAAAAAAAAAAA
			AAAAAA==
			</data>
			<key>Smart Criteria</key>
			<data>
			U0xzdAABAAEAAAACAAAAAAAAAAAAAAAAAAAAAAAAAAAAAAAAAAAAAAAAAAAAAAAAAAAAAAAA
			AAAAAAAAAAAAAAAAAAAAAAAAAAAAAAAAAAAAAAAAAAAAAAAAAAAAAAAAAAAAAAAAAAAAAAAA
			AAAAAAAAAAAAAAAAAAAAAAAAAAAAAAAAAAAAAAAAABcAAAIAAAAAAAAAAAAAAAAAAAAAAAAA
			AAAAAAAAAAAAAAAAAAAAAAAAAAAAAAAAAAAAAABELa4tri2uLa7//////////gAAAAAACTqA
			La4tri2uLa4AAAAAAAAAAAAAAAAAAAABAAAAAAAAAAAAAAAAAAAAAAAAAAAAAAA5AgAAAQAA
			AAAAAAAAAAAAAAAAAAAAAAAAAAAAAAAAAAAAAAAAAAAAAAAAAAAAAAAAAAAARAAAAAAAAAAB
			AAAAAAAAAAAAAAAAAAAAAQAAAAAAAAABAAAAAAAAAAAAAAAAAAAAAQAAAAAAAAAAAAAAAAAA
			AAAAAAAA
			</data>
		</dict>
		<dict>
			<key>Playlist ID</key><integer>138</integer>
			<key>Playlist Persistent ID</key><string>5989F023159D5205</string>
			<key>All Items</key><true/>
			<key>Name</key><string>Top 25 Most Played</string>
			<key>Smart Info</key>
			<data>
			AQEBAwAAABkAAAAZAAAAAAAAAAcAAAAAAAAAAAAAAAAAAAAAAAAAAAAAAAAAAAAAAAAAAAAA
			AAAAAAAAAAAAAAAAAAAAAAAAAAAAAAAAAAAAAAAAAAAAAAAAAAAAAAAAAAAAAAAAAAAAAAAA
			AAAAAA==
			</data>
			<key>Smart Criteria</key>
			<data>
			U0xzdAABAAEAAAACAAAAAAAAAAAAAAAAAAAAAAAAAAAAAAAAAAAAAAAAAAAAAAAAAAAAAAAA
			AAAAAAAAAAAAAAAAAAAAAAAAAAAAAAAAAAAAAAAAAAAAAAAAAAAAAAAAAAAAAAAAAAAAAAAA
			AAAAAAAAAAAAAAAAAAAAAAAAAAAAAAAAAAAAAAAAADkCAAABAAAAAAAAAAAAAAAAAAAAAAAA
			AAAAAAAAAAAAAAAAAAAAAAAAAAAAAAAAAAAAAABEAAAAAAAAAAEAAAAAAAAAAAAAAAAAAAAB
			AAAAAAAAAAEAAAAAAAAAAAAAAAAAAAABAAAAAAAAAAAAAAAAAAAAAAAAAAAAAAAWAAAAEAAA
			AAAAAAAAAAAAAAAAAAAAAAAAAAAAAAAAAAAAAAAAAAAAAAAAAAAAAAAAAAAARAAAAAAAAAAA
			AAAAAAAAAAAAAAAAAAAAAQAAAAAAAAAAAAAAAAAAAAAAAAAAAAAAAQAAAAAAAAAAAAAAAAAA
			AAAAAAAA
			</data>
			<key>Playlist Items</key>
			<array>
				<dict>
					<key>Track ID</key><integer>70</integer>
				</dict>
			</array>
		</dict>
	</array>
	<key>Music Folder</key><string>file:///Users/zia/Music/iTunes/iTunes%20Media/</string>
</dict>
</plist>
